  [1m[36mSQL (0.3ms)[0m  [1mSHOW TABLES[0m
  [1m[35mSQL (177.0ms)[0m  CREATE TABLE `schema_migrations` (`version` varchar(255) NOT NULL) ENGINE=InnoDB
  [1m[36mSQL (0.7ms)[0m  [1mSHOW KEYS FROM `schema_migrations`[0m
  [1m[35mSQL (542.4ms)[0m  CREATE UNIQUE INDEX `unique_schema_migrations` ON `schema_migrations` (`version`)
  [1m[36mSQL (0.3ms)[0m  [1mSHOW TABLES[0m
  [1m[35mSQL (0.6ms)[0m  SHOW TABLES
  [1m[36mSQL (0.3ms)[0m  [1mSELECT `schema_migrations`.`version` FROM `schema_migrations`[0m
Migrating to CreateProjects (20100927035419)
  [1m[35mSQL (197.3ms)[0m  CREATE TABLE `projects` (`id` int(11) DEFAULT NULL auto_increment PRIMARY KEY, `name` varchar(255), `created_at` datetime, `updated_at` datetime) ENGINE=InnoDB
  [1m[36mSQL (2.9ms)[0m  [1mdescribe `schema_migrations`[0m
  [1m[35mSQL (1.7ms)[0m  INSERT INTO `schema_migrations` (`version`) VALUES ('20100927035419')
Migrating to CreateTasks (20100927035455)
  [1m[36mSQL (228.8ms)[0m  [1mCREATE TABLE `tasks` (`id` int(11) DEFAULT NULL auto_increment PRIMARY KEY, `project_id` int(11), `name` varchar(255), `completed_at` datetime, `created_at` datetime, `updated_at` datetime) ENGINE=InnoDB[0m
  [1m[35mSQL (0.8ms)[0m  INSERT INTO `schema_migrations` (`version`) VALUES ('20100927035455')
Migrating to DeviseCreateUsers (20100927035705)
  [1m[36mSQL (224.0ms)[0m  [1mCREATE TABLE `users` (`id` int(11) DEFAULT NULL auto_increment PRIMARY KEY, `email` varchar(255) DEFAULT '' NOT NULL, `encrypted_password` varchar(128) DEFAULT '' NOT NULL, `password_salt` varchar(255) DEFAULT '' NOT NULL, `reset_password_token` varchar(255), `remember_token` varchar(255), `remember_created_at` datetime, `sign_in_count` int(11) DEFAULT 0, `current_sign_in_at` datetime, `last_sign_in_at` datetime, `current_sign_in_ip` varchar(255), `last_sign_in_ip` varchar(255), `created_at` datetime, `updated_at` datetime) ENGINE=InnoDB[0m
  [1m[35mSQL (1.4ms)[0m  SHOW KEYS FROM `users`
  [1m[36mSQL (188.6ms)[0m  [1mCREATE UNIQUE INDEX `index_users_on_email` ON `users` (`email`)[0m
  [1m[35mSQL (0.4ms)[0m  SHOW KEYS FROM `users`
  [1m[36mSQL (144.8ms)[0m  [1mCREATE UNIQUE INDEX `index_users_on_reset_password_token` ON `users` (`reset_password_token`)[0m
  [1m[35mSQL (0.8ms)[0m  INSERT INTO `schema_migrations` (`version`) VALUES ('20100927035705')
Migrating to CreateAuthentications (20101011050048)
  [1m[36mSQL (176.0ms)[0m  [1mCREATE TABLE `authentications` (`id` int(11) DEFAULT NULL auto_increment PRIMARY KEY, `user_id` int(11), `provider` varchar(255), `uid` varchar(255), `created_at` datetime, `updated_at` datetime) ENGINE=InnoDB[0m
  [1m[35mSQL (0.9ms)[0m  INSERT INTO `schema_migrations` (`version`) VALUES ('20101011050048')
  [1m[36mSQL (0.5ms)[0m  [1mSHOW TABLES[0m
  [1m[35mSQL (0.2ms)[0m  SELECT `schema_migrations`.`version` FROM `schema_migrations`
  [1m[36mSQL (0.4ms)[0m  [1mSHOW TABLES[0m
  [1m[35mSQL (2.6ms)[0m  describe `authentications`
  [1m[36mSQL (0.3ms)[0m  [1mSHOW KEYS FROM `authentications`[0m
  [1m[35mSQL (1.9ms)[0m  describe `projects`
  [1m[36mSQL (0.3ms)[0m  [1mSHOW KEYS FROM `projects`[0m
  [1m[35mSQL (2.8ms)[0m  describe `tasks`
  [1m[36mSQL (0.3ms)[0m  [1mSHOW KEYS FROM `tasks`[0m
  [1m[35mSQL (3.6ms)[0m  describe `users`
  [1m[36mSQL (0.4ms)[0m  [1mSHOW KEYS FROM `users`[0m


Started GET "/" for 127.0.0.1 at Fri Oct 14 23:21:54 -0700 2011
  Processing by ProjectsController#index as HTML
  [1m[36mSQL (0.6ms)[0m  [1mSHOW TABLES[0m
  [1m[35mProject Load (0.2ms)[0m  SELECT `projects`.* FROM `projects`
Rendered projects/index.html.erb within layouts/application (4.0ms)
Completed 200 OK in 109ms (Views: 11.3ms | ActiveRecord: 0.9ms)


Started GET "/stylesheets/fancybox/jquery.fancybox-1.3.4.css" for 127.0.0.1 at Fri Oct 14 23:21:55 -0700 2011

ActionController::RoutingError (No route matches "/stylesheets/fancybox/jquery.fancybox-1.3.4.css"):
  

Rendered /Users/Ben/.rvm/gems/ruby-1.8.7-p352/gems/actionpack-3.0.0/lib/action_dispatch/middleware/templates/rescues/routing_error.erb within rescues/layout (1.2ms)


Started GET "/authentications" for 127.0.0.1 at Fri Oct 14 23:22:00 -0700 2011
  Processing by AuthenticationsController#index as HTML
Rendered authentications/index.html.erb within layouts/application (6.1ms)
Completed 200 OK in 23ms (Views: 13.9ms | ActiveRecord: 0.0ms)


Started GET "/stylesheets/fancybox/jquery.fancybox-1.3.4.css" for 127.0.0.1 at Fri Oct 14 23:22:00 -0700 2011

ActionController::RoutingError (No route matches "/stylesheets/fancybox/jquery.fancybox-1.3.4.css"):
  

Rendered /Users/Ben/.rvm/gems/ruby-1.8.7-p352/gems/actionpack-3.0.0/lib/action_dispatch/middleware/templates/rescues/routing_error.erb within rescues/layout (0.7ms)


Started GET "/auth/twitter" for 127.0.0.1 at Fri Oct 14 23:22:02 -0700 2011


Started GET "/auth/twitter/callback?oauth_token=he1shPMDLB4oID7nfzy0mI1MwgDEIt4LiTRvbT3WpM&oauth_verifier=CJIPpe76YTxuqULEVrNN8z4qoM2kZGlvBfrI9qn2U" for 127.0.0.1 at Fri Oct 14 23:22:47 -0700 2011
  Processing by AuthenticationsController#create as HTML
  Parameters: {"oauth_verifier"=>"CJIPpe76YTxuqULEVrNN8z4qoM2kZGlvBfrI9qn2U", "oauth_token"=>"he1shPMDLB4oID7nfzy0mI1MwgDEIt4LiTRvbT3WpM", "provider"=>"twitter"}
  [1m[36mAuthentication Load (0.3ms)[0m  [1mSELECT `authentications`.* FROM `authentications` WHERE (`authentications`.`uid` = '19611362') AND (`authentications`.`provider` = 'twitter') LIMIT 1[0m
  [1m[35mSQL (0.2ms)[0m  BEGIN
  [1m[36mSQL (21.0ms)[0m  [1mROLLBACK[0m
Redirected to http://localhost:3000/users/sign_up
Completed 302 Found in 205ms


Started GET "/users/sign_up" for 127.0.0.1 at Fri Oct 14 23:22:48 -0700 2011
  Processing by RegistrationsController#new as HTML
Rendered devise/shared/_links.erb (1.7ms)
Rendered registrations/new.html.erb within layouts/application (10.7ms)
Completed 200 OK in 55ms (Views: 20.0ms | ActiveRecord: 0.0ms)


Started GET "/stylesheets/fancybox/jquery.fancybox-1.3.4.css" for 127.0.0.1 at Fri Oct 14 23:22:48 -0700 2011

ActionController::RoutingError (No route matches "/stylesheets/fancybox/jquery.fancybox-1.3.4.css"):
  

Rendered /Users/Ben/.rvm/gems/ruby-1.8.7-p352/gems/actionpack-3.0.0/lib/action_dispatch/middleware/templates/rescues/routing_error.erb within rescues/layout (0.8ms)


Started GET "/email_users" for 127.0.0.1 at Fri Oct 14 23:26:24 -0700 2011

ActionController::RoutingError (No route matches "/email_users"):
  

Rendered /Users/Ben/.rvm/gems/ruby-1.8.7-p352/gems/actionpack-3.0.0/lib/action_dispatch/middleware/templates/rescues/routing_error.erb within rescues/layout (0.9ms)


Started GET "/authentications" for 127.0.0.1 at Fri Oct 14 23:33:41 -0700 2011
  Processing by AuthenticationsController#index as HTML
Rendered authentications/index.html.erb within layouts/application (5.9ms)
Completed 200 OK in 21ms (Views: 12.1ms | ActiveRecord: 0.0ms)


Started GET "/stylesheets/fancybox/jquery.fancybox-1.3.4.css" for 127.0.0.1 at Fri Oct 14 23:33:41 -0700 2011

ActionController::RoutingError (No route matches "/stylesheets/fancybox/jquery.fancybox-1.3.4.css"):
  

Rendered /Users/Ben/.rvm/gems/ruby-1.8.7-p352/gems/actionpack-3.0.0/lib/action_dispatch/middleware/templates/rescues/routing_error.erb within rescues/layout (0.7ms)


Started GET "/auth/twitter" for 127.0.0.1 at Fri Oct 14 23:33:42 -0700 2011


Started GET "/auth/twitter/callback?oauth_token=c53Tt8I6XNTxnmesDFbKZWljyfhhi134BtvoAb6OK0&oauth_verifier=gaBCrU4Mfhq0ekMqtmy29bmGz6FLJpHPHbDpZvUM" for 127.0.0.1 at Fri Oct 14 23:33:42 -0700 2011
  Processing by AuthenticationsController#create as HTML
  Parameters: {"oauth_verifier"=>"gaBCrU4Mfhq0ekMqtmy29bmGz6FLJpHPHbDpZvUM", "oauth_token"=>"c53Tt8I6XNTxnmesDFbKZWljyfhhi134BtvoAb6OK0", "provider"=>"twitter"}
  [1m[35mAuthentication Load (0.3ms)[0m  SELECT `authentications`.* FROM `authentications` WHERE (`authentications`.`uid` = '19611362') AND (`authentications`.`provider` = 'twitter') LIMIT 1
  [1m[36mSQL (0.1ms)[0m  [1mBEGIN[0m
  [1m[35mSQL (0.1ms)[0m  ROLLBACK
Redirected to http://localhost:3000/users/sign_up
Completed 302 Found in 43ms


Started GET "/users/sign_up" for 127.0.0.1 at Fri Oct 14 23:33:43 -0700 2011
  Processing by RegistrationsController#new as HTML
Rendered devise/shared/_links.erb (1.4ms)
Rendered registrations/new.html.erb within layouts/application (8.8ms)
Completed 200 OK in 52ms (Views: 16.9ms | ActiveRecord: 0.0ms)


Started GET "/stylesheets/fancybox/jquery.fancybox-1.3.4.css" for 127.0.0.1 at Fri Oct 14 23:33:43 -0700 2011

ActionController::RoutingError (No route matches "/stylesheets/fancybox/jquery.fancybox-1.3.4.css"):
  

Rendered /Users/Ben/.rvm/gems/ruby-1.8.7-p352/gems/actionpack-3.0.0/lib/action_dispatch/middleware/templates/rescues/routing_error.erb within rescues/layout (0.8ms)


Started GET "/authentications" for 127.0.0.1 at Fri Oct 14 23:36:17 -0700 2011
  Processing by AuthenticationsController#index as HTML
Rendered authentications/index.html.erb within layouts/application (5.5ms)
Completed 200 OK in 21ms (Views: 11.9ms | ActiveRecord: 0.0ms)


Started GET "/stylesheets/fancybox/jquery.fancybox-1.3.4.css" for 127.0.0.1 at Fri Oct 14 23:36:17 -0700 2011

ActionController::RoutingError (No route matches "/stylesheets/fancybox/jquery.fancybox-1.3.4.css"):
  

Rendered /Users/Ben/.rvm/gems/ruby-1.8.7-p352/gems/actionpack-3.0.0/lib/action_dispatch/middleware/templates/rescues/routing_error.erb within rescues/layout (0.7ms)


Started GET "/auth/twitter" for 127.0.0.1 at Fri Oct 14 23:36:19 -0700 2011


Started GET "/auth/twitter/callback?oauth_token=aC60s2GX3hr9L3O7Ob591eCBbVWpsKnpL6vmWxUn4&oauth_verifier=NGU4TTR6nBgWUf94tm1R8TY1KjmcYQlsUZZeClReY" for 127.0.0.1 at Fri Oct 14 23:36:19 -0700 2011
  Processing by AuthenticationsController#create as HTML
  Parameters: {"oauth_verifier"=>"NGU4TTR6nBgWUf94tm1R8TY1KjmcYQlsUZZeClReY", "oauth_token"=>"aC60s2GX3hr9L3O7Ob591eCBbVWpsKnpL6vmWxUn4", "provider"=>"twitter"}
  [1m[36mAuthentication Load (0.3ms)[0m  [1mSELECT `authentications`.* FROM `authentications` WHERE (`authentications`.`uid` = '19611362') AND (`authentications`.`provider` = 'twitter') LIMIT 1[0m
  [1m[35mSQL (0.1ms)[0m  BEGIN
  [1m[36mSQL (0.1ms)[0m  [1mROLLBACK[0m
Redirected to http://localhost:3000/users/sign_up
Completed 302 Found in 42ms


Started GET "/users/sign_up" for 127.0.0.1 at Fri Oct 14 23:36:19 -0700 2011
  Processing by RegistrationsController#new as HTML
Rendered devise/shared/_links.erb (1.4ms)
Rendered registrations/new.html.erb within layouts/application (9.0ms)
Completed 200 OK in 117ms (Views: 16.8ms | ActiveRecord: 0.0ms)


Started GET "/stylesheets/fancybox/jquery.fancybox-1.3.4.css" for 127.0.0.1 at Fri Oct 14 23:36:19 -0700 2011

ActionController::RoutingError (No route matches "/stylesheets/fancybox/jquery.fancybox-1.3.4.css"):
  

Rendered /Users/Ben/.rvm/gems/ruby-1.8.7-p352/gems/actionpack-3.0.0/lib/action_dispatch/middleware/templates/rescues/routing_error.erb within rescues/layout (0.7ms)


Started GET "/authentications" for 127.0.0.1 at Fri Oct 14 23:36:49 -0700 2011
  Processing by AuthenticationsController#index as HTML
Rendered authentications/index.html.erb within layouts/application (5.2ms)
Completed 200 OK in 21ms (Views: 11.5ms | ActiveRecord: 0.0ms)


Started GET "/stylesheets/fancybox/jquery.fancybox-1.3.4.css" for 127.0.0.1 at Fri Oct 14 23:36:49 -0700 2011

ActionController::RoutingError (No route matches "/stylesheets/fancybox/jquery.fancybox-1.3.4.css"):
  

Rendered /Users/Ben/.rvm/gems/ruby-1.8.7-p352/gems/actionpack-3.0.0/lib/action_dispatch/middleware/templates/rescues/routing_error.erb within rescues/layout (3.1ms)


Started GET "/auth/twitter" for 127.0.0.1 at Fri Oct 14 23:36:51 -0700 2011


Started GET "/auth/twitter/callback?oauth_token=oME5x5CWhNdzvwakMjZRUKwJktcZIifdLdONlyR0&oauth_verifier=VzkoaE590POCSWYxWs0FFEM9XdVXAJSvDM8wcFh1G4" for 127.0.0.1 at Fri Oct 14 23:36:51 -0700 2011
  Processing by AuthenticationsController#create as HTML
  Parameters: {"oauth_verifier"=>"VzkoaE590POCSWYxWs0FFEM9XdVXAJSvDM8wcFh1G4", "oauth_token"=>"oME5x5CWhNdzvwakMjZRUKwJktcZIifdLdONlyR0", "provider"=>"twitter"}
  [1m[35mAuthentication Load (0.3ms)[0m  SELECT `authentications`.* FROM `authentications` WHERE (`authentications`.`uid` = '19611362') AND (`authentications`.`provider` = 'twitter') LIMIT 1
  [1m[36mSQL (0.2ms)[0m  [1mBEGIN[0m
  [1m[35mSQL (0.2ms)[0m  ROLLBACK
Redirected to http://localhost:3000/users/sign_up
Completed 302 Found in 111ms


Started GET "/users/sign_up" for 127.0.0.1 at Fri Oct 14 23:36:52 -0700 2011
  Processing by RegistrationsController#new as HTML
Rendered devise/shared/_links.erb (1.9ms)
Rendered registrations/new.html.erb within layouts/application (9.4ms)
Completed 200 OK in 52ms (Views: 17.7ms | ActiveRecord: 0.0ms)


Started GET "/stylesheets/fancybox/jquery.fancybox-1.3.4.css" for 127.0.0.1 at Fri Oct 14 23:36:52 -0700 2011

ActionController::RoutingError (No route matches "/stylesheets/fancybox/jquery.fancybox-1.3.4.css"):
  

Rendered /Users/Ben/.rvm/gems/ruby-1.8.7-p352/gems/actionpack-3.0.0/lib/action_dispatch/middleware/templates/rescues/routing_error.erb within rescues/layout (0.8ms)


Started GET "/authentications" for 127.0.0.1 at Fri Oct 14 23:37:31 -0700 2011
  Processing by AuthenticationsController#index as HTML
Rendered authentications/index.html.erb within layouts/application (5.4ms)
Completed 200 OK in 21ms (Views: 11.8ms | ActiveRecord: 0.0ms)


Started GET "/stylesheets/fancybox/jquery.fancybox-1.3.4.css" for 127.0.0.1 at Fri Oct 14 23:37:31 -0700 2011

ActionController::RoutingError (No route matches "/stylesheets/fancybox/jquery.fancybox-1.3.4.css"):
  

Rendered /Users/Ben/.rvm/gems/ruby-1.8.7-p352/gems/actionpack-3.0.0/lib/action_dispatch/middleware/templates/rescues/routing_error.erb within rescues/layout (0.7ms)


Started GET "/auth/twitter" for 127.0.0.1 at Fri Oct 14 23:37:36 -0700 2011


Started GET "/auth/twitter/callback?oauth_token=00q4pe4p6sZZaQjGnZEeFiIUWayKQIqTkr2U0waUw&oauth_verifier=zQFLkr4BoAwYh5ypKyHvwnyGPW8wtbX5zAqnxxgBMDw" for 127.0.0.1 at Fri Oct 14 23:37:36 -0700 2011
  Processing by AuthenticationsController#create as HTML
  Parameters: {"oauth_verifier"=>"zQFLkr4BoAwYh5ypKyHvwnyGPW8wtbX5zAqnxxgBMDw", "oauth_token"=>"00q4pe4p6sZZaQjGnZEeFiIUWayKQIqTkr2U0waUw", "provider"=>"twitter"}
  [1m[36mAuthentication Load (0.3ms)[0m  [1mSELECT `authentications`.* FROM `authentications` WHERE (`authentications`.`uid` = '19611362') AND (`authentications`.`provider` = 'twitter') LIMIT 1[0m
  [1m[35mSQL (0.1ms)[0m  BEGIN
  [1m[36mSQL (0.1ms)[0m  [1mROLLBACK[0m
Redirected to http://localhost:3000/users/sign_up
Completed 302 Found in 43ms


Started GET "/users/sign_up" for 127.0.0.1 at Fri Oct 14 23:37:36 -0700 2011
  Processing by RegistrationsController#new as HTML
Rendered devise/shared/_links.erb (1.5ms)
Rendered registrations/new.html.erb within layouts/application (9.3ms)
Completed 200 OK in 121ms (Views: 17.5ms | ActiveRecord: 0.0ms)


Started GET "/stylesheets/fancybox/jquery.fancybox-1.3.4.css" for 127.0.0.1 at Fri Oct 14 23:37:36 -0700 2011

ActionController::RoutingError (No route matches "/stylesheets/fancybox/jquery.fancybox-1.3.4.css"):
  

Rendered /Users/Ben/.rvm/gems/ruby-1.8.7-p352/gems/actionpack-3.0.0/lib/action_dispatch/middleware/templates/rescues/routing_error.erb within rescues/layout (0.7ms)


Started GET "/authentications" for 127.0.0.1 at Fri Oct 14 23:38:13 -0700 2011
  Processing by AuthenticationsController#index as HTML
Rendered authentications/index.html.erb within layouts/application (5.8ms)
Completed 200 OK in 21ms (Views: 11.9ms | ActiveRecord: 0.0ms)


Started GET "/stylesheets/fancybox/jquery.fancybox-1.3.4.css" for 127.0.0.1 at Fri Oct 14 23:38:14 -0700 2011

ActionController::RoutingError (No route matches "/stylesheets/fancybox/jquery.fancybox-1.3.4.css"):
  

Rendered /Users/Ben/.rvm/gems/ruby-1.8.7-p352/gems/actionpack-3.0.0/lib/action_dispatch/middleware/templates/rescues/routing_error.erb within rescues/layout (0.7ms)


Started GET "/auth/twitter" for 127.0.0.1 at Fri Oct 14 23:38:20 -0700 2011


Started GET "/auth/twitter/callback?oauth_token=GXRCe43TQpS2eyDP78SCGUKJ2PUfFDd5PvMR0NjRAsc&oauth_verifier=nrI8C2p5HBtZgWdMHrwHJzY4T98atBrFuo1V7oDwV0" for 127.0.0.1 at Fri Oct 14 23:38:20 -0700 2011
  Processing by AuthenticationsController#create as HTML
  Parameters: {"oauth_verifier"=>"nrI8C2p5HBtZgWdMHrwHJzY4T98atBrFuo1V7oDwV0", "oauth_token"=>"GXRCe43TQpS2eyDP78SCGUKJ2PUfFDd5PvMR0NjRAsc", "provider"=>"twitter"}
  [1m[35mAuthentication Load (0.4ms)[0m  SELECT `authentications`.* FROM `authentications` WHERE (`authentications`.`uid` = '19611362') AND (`authentications`.`provider` = 'twitter') LIMIT 1
  [1m[36mSQL (0.2ms)[0m  [1mBEGIN[0m
  [1m[35mSQL (0.1ms)[0m  ROLLBACK
Redirected to http://localhost:3000/users/sign_up
Completed 302 Found in 112ms


Started GET "/users/sign_up" for 127.0.0.1 at Fri Oct 14 23:38:21 -0700 2011
  Processing by RegistrationsController#new as HTML
Rendered devise/shared/_links.erb (1.4ms)
Rendered registrations/new.html.erb within layouts/application (9.0ms)
Completed 200 OK in 53ms (Views: 17.3ms | ActiveRecord: 0.0ms)


Started GET "/stylesheets/fancybox/jquery.fancybox-1.3.4.css" for 127.0.0.1 at Fri Oct 14 23:38:21 -0700 2011

ActionController::RoutingError (No route matches "/stylesheets/fancybox/jquery.fancybox-1.3.4.css"):
  

Rendered /Users/Ben/.rvm/gems/ruby-1.8.7-p352/gems/actionpack-3.0.0/lib/action_dispatch/middleware/templates/rescues/routing_error.erb within rescues/layout (0.9ms)


Started GET "/authentications" for 127.0.0.1 at Fri Oct 14 23:39:19 -0700 2011

SyntaxError (/Users/Ben/Desktop/Work/SideWork/athletePreneur/app/controllers/authentications_controller.rb:19: syntax error, unexpected ')', expecting kEND):
  

Rendered /Users/Ben/.rvm/gems/ruby-1.8.7-p352/gems/actionpack-3.0.0/lib/action_dispatch/middleware/templates/rescues/_trace.erb (1.7ms)
Rendered /Users/Ben/.rvm/gems/ruby-1.8.7-p352/gems/actionpack-3.0.0/lib/action_dispatch/middleware/templates/rescues/_request_and_response.erb (204.5ms)
Rendered /Users/Ben/.rvm/gems/ruby-1.8.7-p352/gems/actionpack-3.0.0/lib/action_dispatch/middleware/templates/rescues/diagnostics.erb within rescues/layout (215.7ms)


Started GET "/authentications" for 127.0.0.1 at Fri Oct 14 23:39:39 -0700 2011
  Processing by AuthenticationsController#index as HTML
Rendered authentications/index.html.erb within layouts/application (5.8ms)
Completed 200 OK in 22ms (Views: 12.8ms | ActiveRecord: 0.0ms)


Started GET "/stylesheets/fancybox/jquery.fancybox-1.3.4.css" for 127.0.0.1 at Fri Oct 14 23:39:39 -0700 2011

ActionController::RoutingError (No route matches "/stylesheets/fancybox/jquery.fancybox-1.3.4.css"):
  

Rendered /Users/Ben/.rvm/gems/ruby-1.8.7-p352/gems/actionpack-3.0.0/lib/action_dispatch/middleware/templates/rescues/routing_error.erb within rescues/layout (1.1ms)


Started GET "/auth/twitter" for 127.0.0.1 at Fri Oct 14 23:39:40 -0700 2011


Started GET "/auth/twitter/callback?oauth_token=aogKPrOJDk2PBG7N0pGknlqhUs9BqcltNutpwBX8&oauth_verifier=raRFt5hXks3bTsoIKycYTxRNL5wFVCAXSUb7TCXARY" for 127.0.0.1 at Fri Oct 14 23:39:40 -0700 2011
  Processing by AuthenticationsController#create as HTML
  Parameters: {"oauth_verifier"=>"raRFt5hXks3bTsoIKycYTxRNL5wFVCAXSUb7TCXARY", "oauth_token"=>"aogKPrOJDk2PBG7N0pGknlqhUs9BqcltNutpwBX8", "provider"=>"twitter"}
  [1m[36mAuthentication Load (0.3ms)[0m  [1mSELECT `authentications`.* FROM `authentications` WHERE (`authentications`.`uid` = '19611362') AND (`authentications`.`provider` = 'twitter') LIMIT 1[0m
  [1m[35mSQL (0.2ms)[0m  BEGIN
  [1m[36mSQL (0.1ms)[0m  [1mROLLBACK[0m
Redirected to http://localhost:3000/users/sign_up
Completed 302 Found in 42ms


Started GET "/users/sign_up" for 127.0.0.1 at Fri Oct 14 23:39:41 -0700 2011
  Processing by RegistrationsController#new as HTML
Rendered devise/shared/_links.erb (1.5ms)
Rendered registrations/new.html.erb within layouts/application (10.0ms)
Completed 200 OK in 123ms (Views: 19.8ms | ActiveRecord: 0.0ms)


Started GET "/stylesheets/fancybox/jquery.fancybox-1.3.4.css" for 127.0.0.1 at Fri Oct 14 23:39:41 -0700 2011

ActionController::RoutingError (No route matches "/stylesheets/fancybox/jquery.fancybox-1.3.4.css"):
  

Rendered /Users/Ben/.rvm/gems/ruby-1.8.7-p352/gems/actionpack-3.0.0/lib/action_dispatch/middleware/templates/rescues/routing_error.erb within rescues/layout (0.9ms)


Started GET "/authentications" for 127.0.0.1 at Fri Oct 14 23:42:07 -0700 2011
  Processing by AuthenticationsController#index as HTML
Rendered authentications/index.html.erb within layouts/application (5.8ms)
Completed 200 OK in 19ms (Views: 12.0ms | ActiveRecord: 0.0ms)


Started GET "/stylesheets/fancybox/jquery.fancybox-1.3.4.css" for 127.0.0.1 at Fri Oct 14 23:42:07 -0700 2011

ActionController::RoutingError (No route matches "/stylesheets/fancybox/jquery.fancybox-1.3.4.css"):
  

Rendered /Users/Ben/.rvm/gems/ruby-1.8.7-p352/gems/actionpack-3.0.0/lib/action_dispatch/middleware/templates/rescues/routing_error.erb within rescues/layout (0.7ms)


Started GET "/auth/twitter" for 127.0.0.1 at Fri Oct 14 23:42:08 -0700 2011


Started GET "/auth/twitter/callback?oauth_token=7L1e8umb778gTXxMyR6el1oZIXNSUlCR5G0DtEqaw&oauth_verifier=VFLSejwDt1QtAinpXe05cUrr2mL00H85JT8hrdZYQ" for 127.0.0.1 at Fri Oct 14 23:42:08 -0700 2011
  Processing by AuthenticationsController#create as HTML
  Parameters: {"oauth_verifier"=>"VFLSejwDt1QtAinpXe05cUrr2mL00H85JT8hrdZYQ", "oauth_token"=>"7L1e8umb778gTXxMyR6el1oZIXNSUlCR5G0DtEqaw", "provider"=>"twitter"}
  [1m[35mAuthentication Load (0.3ms)[0m  SELECT `authentications`.* FROM `authentications` WHERE (`authentications`.`uid` = '19611362') AND (`authentications`.`provider` = 'twitter') LIMIT 1
  [1m[36mSQL (0.2ms)[0m  [1mBEGIN[0m
  [1m[35mSQL (2.9ms)[0m  describe `users`
  [1m[36mSQL (0.4ms)[0m  [1mINSERT INTO `users` (`created_at`, `current_sign_in_at`, `current_sign_in_ip`, `email`, `encrypted_password`, `last_sign_in_at`, `last_sign_in_ip`, `password_salt`, `remember_created_at`, `remember_token`, `reset_password_token`, `sign_in_count`, `updated_at`) VALUES ('2011-10-15 06:42:08', NULL, NULL, NULL, '', NULL, NULL, '', NULL, NULL, NULL, 0, '2011-10-15 06:42:08')[0m
Mysql2::Error: Column 'email' cannot be null: INSERT INTO `users` (`created_at`, `current_sign_in_at`, `current_sign_in_ip`, `email`, `encrypted_password`, `last_sign_in_at`, `last_sign_in_ip`, `password_salt`, `remember_created_at`, `remember_token`, `reset_password_token`, `sign_in_count`, `updated_at`) VALUES ('2011-10-15 06:42:08', NULL, NULL, NULL, '', NULL, NULL, '', NULL, NULL, NULL, 0, '2011-10-15 06:42:08')
  [1m[35mSQL (0.1ms)[0m  ROLLBACK
Completed   in 50ms

ActiveRecord::StatementInvalid (Mysql2::Error: Column 'email' cannot be null: INSERT INTO `users` (`created_at`, `current_sign_in_at`, `current_sign_in_ip`, `email`, `encrypted_password`, `last_sign_in_at`, `last_sign_in_ip`, `password_salt`, `remember_created_at`, `remember_token`, `reset_password_token`, `sign_in_count`, `updated_at`) VALUES ('2011-10-15 06:42:08', NULL, NULL, NULL, '', NULL, NULL, '', NULL, NULL, NULL, 0, '2011-10-15 06:42:08')):
  app/controllers/authentications_controller.rb:19:in `create'

Rendered /Users/Ben/.rvm/gems/ruby-1.8.7-p352/gems/actionpack-3.0.0/lib/action_dispatch/middleware/templates/rescues/_trace.erb (1.1ms)
Rendered /Users/Ben/.rvm/gems/ruby-1.8.7-p352/gems/actionpack-3.0.0/lib/action_dispatch/middleware/templates/rescues/_request_and_response.erb (428.9ms)
Rendered /Users/Ben/.rvm/gems/ruby-1.8.7-p352/gems/actionpack-3.0.0/lib/action_dispatch/middleware/templates/rescues/diagnostics.erb within rescues/layout (526.6ms)
  [1m[36mSQL (0.5ms)[0m  [1mSHOW TABLES[0m
  [1m[35mSQL (0.4ms)[0m  SHOW TABLES
  [1m[36mSQL (0.2ms)[0m  [1mSELECT `schema_migrations`.`version` FROM `schema_migrations`[0m
Migrating to CreateProjects (20100927035419)
Migrating to CreateTasks (20100927035455)
Migrating to DeviseCreateUsers (20100927035705)
Migrating to CreateAuthentications (20101011050048)
Migrating to ChangeDefaultForUsers (20111015064416)
  [1m[35mSQL (170.6ms)[0m  ALTER TABLE `users` CHANGE `email` `email` varchar(255) DEFAULT ''
  [1m[36mSQL (1.9ms)[0m  [1mdescribe `schema_migrations`[0m
  [1m[35mSQL (0.8ms)[0m  INSERT INTO `schema_migrations` (`version`) VALUES ('20111015064416')
  [1m[36mSQL (0.5ms)[0m  [1mSHOW TABLES[0m
  [1m[35mSQL (0.2ms)[0m  SELECT `schema_migrations`.`version` FROM `schema_migrations`
  [1m[36mSQL (0.4ms)[0m  [1mSHOW TABLES[0m
  [1m[35mSQL (2.1ms)[0m  describe `authentications`
  [1m[36mSQL (0.3ms)[0m  [1mSHOW KEYS FROM `authentications`[0m
  [1m[35mSQL (2.0ms)[0m  describe `projects`
  [1m[36mSQL (0.3ms)[0m  [1mSHOW KEYS FROM `projects`[0m
  [1m[35mSQL (2.2ms)[0m  describe `tasks`
  [1m[36mSQL (0.3ms)[0m  [1mSHOW KEYS FROM `tasks`[0m
  [1m[35mSQL (3.6ms)[0m  describe `users`
  [1m[36mSQL (0.4ms)[0m  [1mSHOW KEYS FROM `users`[0m


Started GET "/authentications" for 127.0.0.1 at Fri Oct 14 23:45:40 -0700 2011
  Processing by AuthenticationsController#index as HTML
Rendered authentications/index.html.erb within layouts/application (6.6ms)
Completed 200 OK in 21ms (Views: 14.0ms | ActiveRecord: 0.0ms)


Started GET "/stylesheets/fancybox/jquery.fancybox-1.3.4.css" for 127.0.0.1 at Fri Oct 14 23:45:40 -0700 2011

ActionController::RoutingError (No route matches "/stylesheets/fancybox/jquery.fancybox-1.3.4.css"):
  

Rendered /Users/Ben/.rvm/gems/ruby-1.8.7-p352/gems/actionpack-3.0.0/lib/action_dispatch/middleware/templates/rescues/routing_error.erb within rescues/layout (0.8ms)


Started GET "/auth/twitter" for 127.0.0.1 at Fri Oct 14 23:45:42 -0700 2011


Started GET "/auth/twitter/callback?oauth_token=8XFOCAyk4zRK02n02A9dlQ2i9khdROf4Y23u1Jlc6A&oauth_verifier=JBAxyTnz4DswkfjpxnYknmgX9tg2vxEYc3SEbt6YE2Q" for 127.0.0.1 at Fri Oct 14 23:45:42 -0700 2011
  Processing by AuthenticationsController#create as HTML
  Parameters: {"oauth_verifier"=>"JBAxyTnz4DswkfjpxnYknmgX9tg2vxEYc3SEbt6YE2Q", "oauth_token"=>"8XFOCAyk4zRK02n02A9dlQ2i9khdROf4Y23u1Jlc6A", "provider"=>"twitter"}
  [1m[36mAuthentication Load (0.3ms)[0m  [1mSELECT `authentications`.* FROM `authentications` WHERE (`authentications`.`uid` = '19611362') AND (`authentications`.`provider` = 'twitter') LIMIT 1[0m
  [1m[35mSQL (0.2ms)[0m  BEGIN
  [1m[36mSQL (44.8ms)[0m  [1mINSERT INTO `users` (`created_at`, `current_sign_in_at`, `current_sign_in_ip`, `email`, `encrypted_password`, `last_sign_in_at`, `last_sign_in_ip`, `password_salt`, `remember_created_at`, `remember_token`, `reset_password_token`, `sign_in_count`, `updated_at`) VALUES ('2011-10-15 06:45:43', NULL, NULL, NULL, '', NULL, NULL, '', NULL, NULL, NULL, 0, '2011-10-15 06:45:43')[0m
  [1m[35mSQL (3.2ms)[0m  describe `authentications`
  [1m[36mSQL (0.3ms)[0m  [1mINSERT INTO `authentications` (`created_at`, `provider`, `uid`, `updated_at`, `user_id`) VALUES ('2011-10-15 06:45:43', 'twitter', '19611362', '2011-10-15 06:45:43', 1)[0m
  [1m[35mSQL (26.0ms)[0m  COMMIT
  [1m[36mSQL (0.1ms)[0m  [1mBEGIN[0m
  [1m[35mSQL (0.6ms)[0m  UPDATE `users` SET `current_sign_in_at` = '2011-10-15 06:45:43', `current_sign_in_ip` = '127.0.0.1', `last_sign_in_at` = '2011-10-15 06:45:43', `last_sign_in_ip` = '127.0.0.1', `sign_in_count` = 1, `updated_at` = '2011-10-15 06:45:43' WHERE (`users`.`id` = 1)
  [1m[36mSQL (0.7ms)[0m  [1mCOMMIT[0m
Redirected to http://localhost:3000/
Completed 302 Found in 250ms


Started GET "/" for 127.0.0.1 at Fri Oct 14 23:45:43 -0700 2011
  Processing by ProjectsController#index as HTML
  [1m[35mProject Load (0.3ms)[0m  SELECT `projects`.* FROM `projects`
  [1m[36mUser Load (0.3ms)[0m  [1mSELECT `users`.* FROM `users` WHERE (`users`.`id` = 1) LIMIT 1[0m
Rendered projects/index.html.erb within layouts/application (52.0ms)
Completed 200 OK in 67ms (Views: 58.7ms | ActiveRecord: 0.6ms)


Started GET "/stylesheets/fancybox/jquery.fancybox-1.3.4.css" for 127.0.0.1 at Fri Oct 14 23:45:43 -0700 2011

ActionController::RoutingError (No route matches "/stylesheets/fancybox/jquery.fancybox-1.3.4.css"):
  

Rendered /Users/Ben/.rvm/gems/ruby-1.8.7-p352/gems/actionpack-3.0.0/lib/action_dispatch/middleware/templates/rescues/routing_error.erb within rescues/layout (0.7ms)
